<?xml version="1.0" encoding="UTF-8"?>
<!-- Generated by org.testng.reporters.JUnitXMLReporter -->
<testsuite hostname="Acer-Pc" name="Default test" tests="1" failures="0" timestamp="16 Nov 2015 18:31:43 GMT" time="53.912" errors="0">
  <testcase name="@BeforeMethod setuo" time="0.0" classname="com.fino.Obc_Bank">
    <failure type="org.openqa.selenium.WebDriverException" message="Failed to connect to binary FirefoxBinary(C:\Program Files (x86)\Mozilla Firefox\firefox.exe) on port 7055; process output follows: 
&amp;quot;{972ce4c6-7e08-4474-a285-3208198ce6fd}&amp;quot;:{&amp;quot;d&amp;quot;:&amp;quot;C:\\Program Files (x86)\\Mozilla Firefox\\browser\\extensions\\{972ce4c6-7e08-4474-a285-3208198ce6fd}&amp;quot;,&amp;quot;e&amp;quot;:true,&amp;quot;v&amp;quot;:&amp;quot;42.0&amp;quot;,&amp;quot;st&amp;quot;:1446891603699,&amp;quot;mt&amp;quot;:1446891602346}}}
1447698657856	addons.xpi	DEBUG	No changes found
1447698657864	addons.xpi	DEBUG	Registering manifest for C:\Program Files (x86)\Mozilla Firefox\browser\extensions\{82AF8DCA-6DE9-405D-BD5E-43525BDAD38A}.xpi
1447698657864	addons.xpi	DEBUG	Loading bootstrap scope from C:\Program Files (x86)\Mozilla Firefox\browser\extensions\{82AF8DCA-6DE9-405D-BD5E-43525BDAD38A}.xpi
1447698657871	addons.xpi	DEBUG	Calling bootstrap method startup on {82AF8DCA-6DE9-405D-BD5E-43525BDAD38A} version 7.5.0.9082
1447698657924	addons.manager	DEBUG	Registering shutdown blocker for XPIProvider
1447698657925	addons.manager	DEBUG	Provider finished startup: XPIProvider
1447698657925	addons.manager	DEBUG	Starting provider: LightweightThemeManager
1447698657925	addons.manager	DEBUG	Registering shutdown blocker for LightweightThemeManager
1447698657925	addons.manager	DEBUG	Provider finished startup: LightweightThemeManager
1447698657926	addons.manager	DEBUG	Starting provider: GMPProvider
1447698657931	addons.manager	DEBUG	Registering shutdown blocker for GMPProvider
1447698657932	addons.manager	DEBUG	Provider finished startup: GMPProvider
1447698657932	addons.manager	DEBUG	Starting provider: PluginProvider
1447698657932	addons.manager	DEBUG	Registering shutdown blocker for PluginProvider
1447698657932	addons.manager	DEBUG	Provider finished startup: PluginProvider
1447698657933	addons.manager	DEBUG	Completed startup sequence
1447698658040	addons.xpi-utils	DEBUG	Starting async load of XPI database C:\Users\Acer\AppData\Local\Temp\anonymous364507834310837653webdriver-profile\extensions.json
*** Blocklist::_loadBlocklistFromFile: blocklist is disabled
1447698658243	addons.manager	DEBUG	Starting provider: &amp;lt;unnamed-provider&amp;gt;
1447698658243	addons.manager	DEBUG	Registering shutdown blocker for &amp;lt;unnamed-provider&amp;gt;
1447698658243	addons.manager	DEBUG	Provider finished startup: &amp;lt;unnamed-provider&amp;gt;
1447698658349	addons.xpi-utils	DEBUG	Async JSON file read took 0 MS
1447698658349	addons.xpi-utils	DEBUG	Finished async read of XPI database, parsing...
1447698658350	addons.xpi-utils	DEBUG	Successfully read XPI database
1447698660200	addons.manager	DEBUG	Starting provider: PreviousExperimentProvider
1447698660200	addons.manager	DEBUG	Registering shutdown blocker for PreviousExperimentProvider
1447698660201	addons.manager	DEBUG	Provider finished startup: PreviousExperimentProvider
JavaScript error: file:///C:/Users/Acer/AppData/Local/Temp/anonymous364507834310837653webdriver-profile/extensions/fxdriver@googlecode.com/components/driver-component.js, line 11487: TypeError: this.server_ is undefined
JavaScript error: chrome://fxdriver/content/server.js, line 38: NS_ERROR_XPC_CI_RETURNED_FAILURE: Component returned failure code: 0x80570015 (NS_ERROR_XPC_CI_RETURNED_FAILURE) [nsIJSCID.createInstance]
JavaScript error: resource://skype_ff_extension-at-jetpack/skype_ff_extension/data/c2c_options_menu_localization.js, line 189: TypeError: document.getElementById(...) is null
1447698673845	addons.xpi	DEBUG	Calling bootstrap method shutdown on {82AF8DCA-6DE9-405D-BD5E-43525BDAD38A} version 7.5.0.9082
1447698674170	addons.manager	DEBUG	shutdown
1447698674171	addons.manager	DEBUG	Calling shutdown blocker for XPIProvider
1447698674171	addons.xpi	DEBUG	shutdown
1447698674171	addons.xpi-utils	DEBUG	shutdown
1447698674172	addons.manager	DEBUG	Calling shutdown blocker for LightweightThemeManager
1447698674172	addons.manager	DEBUG	Calling shutdown blocker for GMPProvider
1447698674174	addons.manager	DEBUG	Calling shutdown blocker for PluginProvider
1447698674175	addons.manager	DEBUG	Calling shutdown blocker for &amp;lt;unnamed-provider&amp;gt;
1447698674175	addons.manager	DEBUG	Calling shutdown blocker for PreviousExperimentProvider
1447698674180	addons.xpi	DEBUG	Notifying XPI shutdown observers
1447698674185	addons.manager	DEBUG	Async provider shutdown done

Build info: version: &amp;apos;2.44.0&amp;apos;, revision: &amp;apos;76d78cf&amp;apos;, time: &amp;apos;2014-10-23 20:02:37&amp;apos;
System info: host: &amp;apos;Acer-Pc&amp;apos;, ip: &amp;apos;192.168.198.1&amp;apos;, os.name: &amp;apos;Windows 8.1&amp;apos;, os.arch: &amp;apos;amd64&amp;apos;, os.version: &amp;apos;6.3&amp;apos;, java.version: &amp;apos;1.7.0_79&amp;apos;
Driver info: driver.version: FirefoxDriver">
      <![CDATA[org.openqa.selenium.WebDriverException: Failed to connect to binary FirefoxBinary(C:\Program Files (x86)\Mozilla Firefox\firefox.exe) on port 7055; process output follows: 
"{972ce4c6-7e08-4474-a285-3208198ce6fd}":{"d":"C:\\Program Files (x86)\\Mozilla Firefox\\browser\\extensions\\{972ce4c6-7e08-4474-a285-3208198ce6fd}","e":true,"v":"42.0","st":1446891603699,"mt":1446891602346}}}
1447698657856	addons.xpi	DEBUG	No changes found
1447698657864	addons.xpi	DEBUG	Registering manifest for C:\Program Files (x86)\Mozilla Firefox\browser\extensions\{82AF8DCA-6DE9-405D-BD5E-43525BDAD38A}.xpi
1447698657864	addons.xpi	DEBUG	Loading bootstrap scope from C:\Program Files (x86)\Mozilla Firefox\browser\extensions\{82AF8DCA-6DE9-405D-BD5E-43525BDAD38A}.xpi
1447698657871	addons.xpi	DEBUG	Calling bootstrap method startup on {82AF8DCA-6DE9-405D-BD5E-43525BDAD38A} version 7.5.0.9082
1447698657924	addons.manager	DEBUG	Registering shutdown blocker for XPIProvider
1447698657925	addons.manager	DEBUG	Provider finished startup: XPIProvider
1447698657925	addons.manager	DEBUG	Starting provider: LightweightThemeManager
1447698657925	addons.manager	DEBUG	Registering shutdown blocker for LightweightThemeManager
1447698657925	addons.manager	DEBUG	Provider finished startup: LightweightThemeManager
1447698657926	addons.manager	DEBUG	Starting provider: GMPProvider
1447698657931	addons.manager	DEBUG	Registering shutdown blocker for GMPProvider
1447698657932	addons.manager	DEBUG	Provider finished startup: GMPProvider
1447698657932	addons.manager	DEBUG	Starting provider: PluginProvider
1447698657932	addons.manager	DEBUG	Registering shutdown blocker for PluginProvider
1447698657932	addons.manager	DEBUG	Provider finished startup: PluginProvider
1447698657933	addons.manager	DEBUG	Completed startup sequence
1447698658040	addons.xpi-utils	DEBUG	Starting async load of XPI database C:\Users\Acer\AppData\Local\Temp\anonymous364507834310837653webdriver-profile\extensions.json
*** Blocklist::_loadBlocklistFromFile: blocklist is disabled
1447698658243	addons.manager	DEBUG	Starting provider: <unnamed-provider>
1447698658243	addons.manager	DEBUG	Registering shutdown blocker for <unnamed-provider>
1447698658243	addons.manager	DEBUG	Provider finished startup: <unnamed-provider>
1447698658349	addons.xpi-utils	DEBUG	Async JSON file read took 0 MS
1447698658349	addons.xpi-utils	DEBUG	Finished async read of XPI database, parsing...
1447698658350	addons.xpi-utils	DEBUG	Successfully read XPI database
1447698660200	addons.manager	DEBUG	Starting provider: PreviousExperimentProvider
1447698660200	addons.manager	DEBUG	Registering shutdown blocker for PreviousExperimentProvider
1447698660201	addons.manager	DEBUG	Provider finished startup: PreviousExperimentProvider
JavaScript error: file:///C:/Users/Acer/AppData/Local/Temp/anonymous364507834310837653webdriver-profile/extensions/fxdriver@googlecode.com/components/driver-component.js, line 11487: TypeError: this.server_ is undefined
JavaScript error: chrome://fxdriver/content/server.js, line 38: NS_ERROR_XPC_CI_RETURNED_FAILURE: Component returned failure code: 0x80570015 (NS_ERROR_XPC_CI_RETURNED_FAILURE) [nsIJSCID.createInstance]
JavaScript error: resource://skype_ff_extension-at-jetpack/skype_ff_extension/data/c2c_options_menu_localization.js, line 189: TypeError: document.getElementById(...) is null
1447698673845	addons.xpi	DEBUG	Calling bootstrap method shutdown on {82AF8DCA-6DE9-405D-BD5E-43525BDAD38A} version 7.5.0.9082
1447698674170	addons.manager	DEBUG	shutdown
1447698674171	addons.manager	DEBUG	Calling shutdown blocker for XPIProvider
1447698674171	addons.xpi	DEBUG	shutdown
1447698674171	addons.xpi-utils	DEBUG	shutdown
1447698674172	addons.manager	DEBUG	Calling shutdown blocker for LightweightThemeManager
1447698674172	addons.manager	DEBUG	Calling shutdown blocker for GMPProvider
1447698674174	addons.manager	DEBUG	Calling shutdown blocker for PluginProvider
1447698674175	addons.manager	DEBUG	Calling shutdown blocker for <unnamed-provider>
1447698674175	addons.manager	DEBUG	Calling shutdown blocker for PreviousExperimentProvider
1447698674180	addons.xpi	DEBUG	Notifying XPI shutdown observers
1447698674185	addons.manager	DEBUG	Async provider shutdown done

Build info: version: '2.44.0', revision: '76d78cf', time: '2014-10-23 20:02:37'
System info: host: 'Acer-Pc', ip: '192.168.198.1', os.name: 'Windows 8.1', os.arch: 'amd64', os.version: '6.3', java.version: '1.7.0_79'
Driver info: driver.version: FirefoxDriver
	at org.openqa.selenium.firefox.internal.NewProfileExtensionConnection.start(NewProfileExtensionConnection.java:130)
	at org.openqa.selenium.firefox.FirefoxDriver.startClient(FirefoxDriver.java:246)
	at org.openqa.selenium.remote.RemoteWebDriver.<init>(RemoteWebDriver.java:114)
	at org.openqa.selenium.firefox.FirefoxDriver.<init>(FirefoxDriver.java:193)
	at org.openqa.selenium.firefox.FirefoxDriver.<init>(FirefoxDriver.java:186)
	at org.openqa.selenium.firefox.FirefoxDriver.<init>(FirefoxDriver.java:182)
	at org.openqa.selenium.firefox.FirefoxDriver.<init>(FirefoxDriver.java:95)
	at com.fino.Obc_Bank.setuo(Obc_Bank.java:23)
	at sun.reflect.NativeMethodAccessorImpl.invoke0(Native Method)
	at sun.reflect.NativeMethodAccessorImpl.invoke(Unknown Source)
	at sun.reflect.DelegatingMethodAccessorImpl.invoke(Unknown Source)
	at java.lang.reflect.Method.invoke(Unknown Source)
	at org.testng.internal.MethodInvocationHelper.invokeMethod(MethodInvocationHelper.java:84)
	at org.testng.internal.Invoker.invokeConfigurationMethod(Invoker.java:564)
	at org.testng.internal.Invoker.invokeConfigurations(Invoker.java:213)
	at org.testng.internal.Invoker.invokeMethod(Invoker.java:653)
	at org.testng.internal.Invoker.invokeTestMethod(Invoker.java:901)
	at org.testng.internal.Invoker.invokeTestMethods(Invoker.java:1231)
	at org.testng.internal.TestMethodWorker.invokeTestMethods(TestMethodWorker.java:127)
	at org.testng.internal.TestMethodWorker.run(TestMethodWorker.java:111)
	at org.testng.TestRunner.privateRun(TestRunner.java:767)
	at org.testng.TestRunner.run(TestRunner.java:617)
	at org.testng.SuiteRunner.runTest(SuiteRunner.java:334)
	at org.testng.SuiteRunner.runSequentially(SuiteRunner.java:329)
	at org.testng.SuiteRunner.privateRun(SuiteRunner.java:291)
	at org.testng.SuiteRunner.run(SuiteRunner.java:240)
	at org.testng.SuiteRunnerWorker.runSuite(SuiteRunnerWorker.java:52)
	at org.testng.SuiteRunnerWorker.run(SuiteRunnerWorker.java:86)
	at org.testng.TestNG.runSuitesSequentially(TestNG.java:1224)
	at org.testng.TestNG.runSuitesLocally(TestNG.java:1149)
	at org.testng.TestNG.run(TestNG.java:1057)
	at org.testng.remote.RemoteTestNG.run(RemoteTestNG.java:111)
	at org.testng.remote.RemoteTestNG.initAndRun(RemoteTestNG.java:204)
	at org.testng.remote.RemoteTestNG.main(RemoteTestNG.java:175)
Caused by: org.openqa.selenium.firefox.NotConnectedException: Unable to connect to host 127.0.0.1 on port 7055 after 45000 ms. Firefox console output:
"{972ce4c6-7e08-4474-a285-3208198ce6fd}":{"d":"C:\\Program Files (x86)\\Mozilla Firefox\\browser\\extensions\\{972ce4c6-7e08-4474-a285-3208198ce6fd}","e":true,"v":"42.0","st":1446891603699,"mt":1446891602346}}}
1447698657856	addons.xpi	DEBUG	No changes found
1447698657864	addons.xpi	DEBUG	Registering manifest for C:\Program Files (x86)\Mozilla Firefox\browser\extensions\{82AF8DCA-6DE9-405D-BD5E-43525BDAD38A}.xpi
1447698657864	addons.xpi	DEBUG	Loading bootstrap scope from C:\Program Files (x86)\Mozilla Firefox\browser\extensions\{82AF8DCA-6DE9-405D-BD5E-43525BDAD38A}.xpi
1447698657871	addons.xpi	DEBUG	Calling bootstrap method startup on {82AF8DCA-6DE9-405D-BD5E-43525BDAD38A} version 7.5.0.9082
1447698657924	addons.manager	DEBUG	Registering shutdown blocker for XPIProvider
1447698657925	addons.manager	DEBUG	Provider finished startup: XPIProvider
1447698657925	addons.manager	DEBUG	Starting provider: LightweightThemeManager
1447698657925	addons.manager	DEBUG	Registering shutdown blocker for LightweightThemeManager
1447698657925	addons.manager	DEBUG	Provider finished startup: LightweightThemeManager
1447698657926	addons.manager	DEBUG	Starting provider: GMPProvider
1447698657931	addons.manager	DEBUG	Registering shutdown blocker for GMPProvider
1447698657932	addons.manager	DEBUG	Provider finished startup: GMPProvider
1447698657932	addons.manager	DEBUG	Starting provider: PluginProvider
1447698657932	addons.manager	DEBUG	Registering shutdown blocker for PluginProvider
1447698657932	addons.manager	DEBUG	Provider finished startup: PluginProvider
1447698657933	addons.manager	DEBUG	Completed startup sequence
1447698658040	addons.xpi-utils	DEBUG	Starting async load of XPI database C:\Users\Acer\AppData\Local\Temp\anonymous364507834310837653webdriver-profile\extensions.json
*** Blocklist::_loadBlocklistFromFile: blocklist is disabled
1447698658243	addons.manager	DEBUG	Starting provider: <unnamed-provider>
1447698658243	addons.manager	DEBUG	Registering shutdown blocker for <unnamed-provider>
1447698658243	addons.manager	DEBUG	Provider finished startup: <unnamed-provider>
1447698658349	addons.xpi-utils	DEBUG	Async JSON file read took 0 MS
1447698658349	addons.xpi-utils	DEBUG	Finished async read of XPI database, parsing...
1447698658350	addons.xpi-utils	DEBUG	Successfully read XPI database
1447698660200	addons.manager	DEBUG	Starting provider: PreviousExperimentProvider
1447698660200	addons.manager	DEBUG	Registering shutdown blocker for PreviousExperimentProvider
1447698660201	addons.manager	DEBUG	Provider finished startup: PreviousExperimentProvider
JavaScript error: file:///C:/Users/Acer/AppData/Local/Temp/anonymous364507834310837653webdriver-profile/extensions/fxdriver@googlecode.com/components/driver-component.js, line 11487: TypeError: this.server_ is undefined
JavaScript error: chrome://fxdriver/content/server.js, line 38: NS_ERROR_XPC_CI_RETURNED_FAILURE: Component returned failure code: 0x80570015 (NS_ERROR_XPC_CI_RETURNED_FAILURE) [nsIJSCID.createInstance]
JavaScript error: resource://skype_ff_extension-at-jetpack/skype_ff_extension/data/c2c_options_menu_localization.js, line 189: TypeError: document.getElementById(...) is null
1447698673845	addons.xpi	DEBUG	Calling bootstrap method shutdown on {82AF8DCA-6DE9-405D-BD5E-43525BDAD38A} version 7.5.0.9082
1447698674170	addons.manager	DEBUG	shutdown
1447698674171	addons.manager	DEBUG	Calling shutdown blocker for XPIProvider
1447698674171	addons.xpi	DEBUG	shutdown
1447698674171	addons.xpi-utils	DEBUG	shutdown
1447698674172	addons.manager	DEBUG	Calling shutdown blocker for LightweightThemeManager
1447698674172	addons.manager	DEBUG	Calling shutdown blocker for GMPProvider
1447698674174	addons.manager	DEBUG	Calling shutdown blocker for PluginProvider
1447698674175	addons.manager	DEBUG	Calling shutdown blocker for <unnamed-provider>
1447698674175	addons.manager	DEBUG	Calling shutdown blocker for PreviousExperimentProvider
1447698674180	addons.xpi	DEBUG	Notifying XPI shutdown observers
1447698674185	addons.manager	DEBUG	Async provider shutdown done

	at org.openqa.selenium.firefox.internal.NewProfileExtensionConnection.start(NewProfileExtensionConnection.java:118)
	... 33 more
]]>
    </failure>
  </testcase> <!-- @BeforeMethod setuo -->
  <testcase name="Test" time="0.011" classname="com.fino.Obc_Bank">
    <skipped/>
  </testcase> <!-- Test -->
</testsuite> <!-- Default test -->
